Copyright 1986-2018 Xilinx, Inc. All Rights Reserved.
-----------------------------------------------------------------------------------------------------------------
| Tool Version : Vivado v.2018.3 (win64) Build 2405991 Thu Dec  6 23:38:27 MST 2018
| Date         : Sun Jul  2 20:46:15 2023
| Host         : DESKTOP-TKP11SS running 64-bit major release  (build 9200)
| Command      : report_utilization -file system_top_utilization_placed.rpt -pb system_top_utilization_placed.pb
| Design       : system_top
| Device       : xcku040ffva1156-2
| Design State : Fully Placed
-----------------------------------------------------------------------------------------------------------------

Utilization Design Information

Table of Contents
-----------------
1. CLB Logic
1.1 Summary of Registers by Type
2. CLB Logic Distribution
3. BLOCKRAM
4. ARITHMETIC
5. I/O
6. CLOCK
7. ADVANCED
8. CONFIGURATION
9. Primitives
10. Black Boxes
11. Instantiated Netlists

1. CLB Logic
------------

+----------------------------+-------+-------+-----------+-------+
|          Site Type         |  Used | Fixed | Available | Util% |
+----------------------------+-------+-------+-----------+-------+
| CLB LUTs                   | 15047 |     0 |    242400 |  6.21 |
|   LUT as Logic             | 14921 |     0 |    242400 |  6.16 |
|   LUT as Memory            |   126 |     0 |    112800 |  0.11 |
|     LUT as Distributed RAM |    64 |     0 |           |       |
|     LUT as Shift Register  |    62 |     0 |           |       |
| CLB Registers              |  8735 |     6 |    484800 |  1.80 |
|   Register as Flip Flop    |  8735 |     6 |    484800 |  1.80 |
|   Register as Latch        |     0 |     0 |    484800 |  0.00 |
| CARRY8                     |   416 |     0 |     30300 |  1.37 |
| F7 Muxes                   |  2585 |     0 |    121200 |  2.13 |
| F8 Muxes                   |  1270 |     0 |     60600 |  2.10 |
| F9 Muxes                   |     0 |     0 |     30300 |  0.00 |
+----------------------------+-------+-------+-----------+-------+


1.1 Summary of Registers by Type
--------------------------------

+-------+--------------+-------------+--------------+
| Total | Clock Enable | Synchronous | Asynchronous |
+-------+--------------+-------------+--------------+
| 0     |            _ |           - |            - |
| 0     |            _ |           - |          Set |
| 0     |            _ |           - |        Reset |
| 0     |            _ |         Set |            - |
| 0     |            _ |       Reset |            - |
| 0     |          Yes |           - |            - |
| 33    |          Yes |           - |          Set |
| 8551  |          Yes |           - |        Reset |
| 0     |          Yes |         Set |            - |
| 178   |          Yes |       Reset |            - |
+-------+--------------+-------------+--------------+


2. CLB Logic Distribution
-------------------------

+--------------------------------------------+-------+-------+-----------+-------+
|                  Site Type                 |  Used | Fixed | Available | Util% |
+--------------------------------------------+-------+-------+-----------+-------+
| CLB                                        |  2971 |     0 |     30300 |  9.81 |
|   CLBL                                     |  1390 |     0 |           |       |
|   CLBM                                     |  1581 |     0 |           |       |
| LUT as Logic                               | 14921 |     0 |    242400 |  6.16 |
|   using O5 output only                     |    22 |       |           |       |
|   using O6 output only                     | 12312 |       |           |       |
|   using O5 and O6                          |  2587 |       |           |       |
| LUT as Memory                              |   126 |     0 |    112800 |  0.11 |
|   LUT as Distributed RAM                   |    64 |     0 |           |       |
|     using O5 output only                   |     0 |       |           |       |
|     using O6 output only                   |    64 |       |           |       |
|     using O5 and O6                        |     0 |       |           |       |
|   LUT as Shift Register                    |    62 |     0 |           |       |
|     using O5 output only                   |     0 |       |           |       |
|     using O6 output only                   |    54 |       |           |       |
|     using O5 and O6                        |     8 |       |           |       |
| CLB Registers                              |  8735 |     0 |    484800 |  1.80 |
|   Register driven from within the CLB      |  5280 |       |           |       |
|   Register driven from outside the CLB     |  3455 |       |           |       |
|     LUT in front of the register is unused |  3056 |       |           |       |
|     LUT in front of the register is used   |   399 |       |           |       |
| Unique Control Sets                        |    85 |       |     60600 |  0.14 |
+--------------------------------------------+-------+-------+-----------+-------+
* Note: Available Control Sets calculated as CLB Registers / 8, Review the Control Sets Report for more information regarding control sets.


3. BLOCKRAM
-----------

+-------------------+------+-------+-----------+-------+
|     Site Type     | Used | Fixed | Available | Util% |
+-------------------+------+-------+-----------+-------+
| Block RAM Tile    |   18 |     0 |       600 |  3.00 |
|   RAMB36/FIFO*    |   15 |     0 |       600 |  2.50 |
|     RAMB36E2 only |   15 |       |           |       |
|   RAMB18          |    6 |     0 |      1200 |  0.50 |
|     RAMB18E2 only |    6 |       |           |       |
+-------------------+------+-------+-----------+-------+
* Note: Each Block RAM Tile only has one FIFO logic available and therefore can accommodate only one FIFO36E2 or one FIFO18E2. However, if a FIFO18E2 occupies a Block RAM Tile, that tile can still accommodate a RAMB18E2


4. ARITHMETIC
-------------

+----------------+------+-------+-----------+-------+
|    Site Type   | Used | Fixed | Available | Util% |
+----------------+------+-------+-----------+-------+
| DSPs           |  120 |     0 |      1920 |  6.25 |
|   DSP48E2 only |  120 |       |           |       |
+----------------+------+-------+-----------+-------+


5. I/O
------

+------------------+------+-------+-----------+-------+
|     Site Type    | Used | Fixed | Available | Util% |
+------------------+------+-------+-----------+-------+
| Bonded IOB       |   69 |     0 |       520 | 13.27 |
| HPIOB            |    0 |     0 |       416 |  0.00 |
| HRIO             |   69 |     0 |       104 | 66.35 |
|   INPUT          |   31 |       |           |       |
|   OUTPUT         |   38 |       |           |       |
|   BIDIR          |    0 |       |           |       |
| HPIOBDIFFINBUF   |    0 |     0 |       192 |  0.00 |
| HPIOBDIFFOUTBUF  |    0 |     0 |       192 |  0.00 |
| HRIODIFFINBUF    |    1 |     0 |        48 |  2.08 |
|   DIFFINBUF      |    1 |       |           |       |
| HRIODIFFOUTBUF   |    0 |     0 |        48 |  0.00 |
| BITSLICE_CONTROL |    0 |     0 |        80 |  0.00 |
| BITSLICE_RX_TX   |   27 |    27 |       520 |  5.19 |
| BITSLICE_TX      |    0 |     0 |        80 |  0.00 |
| RIU_OR           |    0 |     0 |        40 |  0.00 |
+------------------+------+-------+-----------+-------+


6. CLOCK
--------

+----------------------+------+-------+-----------+-------+
|       Site Type      | Used | Fixed | Available | Util% |
+----------------------+------+-------+-----------+-------+
| GLOBAL CLOCK BUFFERs |    4 |     0 |       480 |  0.83 |
|   BUFGCE             |    4 |     0 |       240 |  1.67 |
|   BUFGCE_DIV         |    0 |     0 |        40 |  0.00 |
|   BUFG_GT            |    0 |     0 |       120 |  0.00 |
|   BUFGCTRL*          |    0 |     0 |        80 |  0.00 |
| PLLE3_ADV            |    0 |     0 |        20 |  0.00 |
| MMCME3_ADV           |    1 |     0 |        10 | 10.00 |
+----------------------+------+-------+-----------+-------+
* Note: Each used BUFGCTRL counts as two global buffer resources. This table does not include global clocking resources, only buffer cell usage. See the Clock Utilization Report (report_clock_utilization) for detailed accounting of global clocking resource availability.


7. ADVANCED
-----------

+-----------------+------+-------+-----------+-------+
|    Site Type    | Used | Fixed | Available | Util% |
+-----------------+------+-------+-----------+-------+
| GTHE3_CHANNEL   |    0 |     0 |        20 |  0.00 |
| GTHE3_COMMON    |    0 |     0 |         5 |  0.00 |
| IBUFDS_GTE3     |    0 |     0 |        10 |  0.00 |
| OBUFDS_GTE3     |    0 |     0 |        10 |  0.00 |
| OBUFDS_GTE3_ADV |    0 |     0 |        10 |  0.00 |
| PCIE_3_1        |    0 |     0 |         3 |  0.00 |
| SYSMONE1        |    0 |     0 |         1 |  0.00 |
+-----------------+------+-------+-----------+-------+


8. CONFIGURATION
----------------

+-------------+------+-------+-----------+-------+
|  Site Type  | Used | Fixed | Available | Util% |
+-------------+------+-------+-----------+-------+
| BSCANE2     |    0 |     0 |         4 |  0.00 |
| DNA_PORTE2  |    0 |     0 |         1 |  0.00 |
| EFUSE_USR   |    0 |     0 |         1 |  0.00 |
| FRAME_ECCE3 |    0 |     0 |         1 |  0.00 |
| ICAPE3      |    0 |     0 |         2 |  0.00 |
| MASTER_JTAG |    0 |     0 |         1 |  0.00 |
| STARTUPE3   |    0 |     0 |         1 |  0.00 |
+-------------+------+-------+-----------+-------+


9. Primitives
-------------

+------------+------+---------------------+
|  Ref Name  | Used | Functional Category |
+------------+------+---------------------+
| LUT6       | 9145 |                 CLB |
| FDCE       | 8551 |            Register |
| LUT2       | 2969 |                 CLB |
| LUT5       | 2945 |                 CLB |
| MUXF7      | 2585 |                 CLB |
| LUT4       | 2106 |                 CLB |
| MUXF8      | 1270 |                 CLB |
| CARRY8     |  416 |                 CLB |
| LUT3       |  315 |                 CLB |
| FDRE       |  178 |            Register |
| DSP48E2    |  120 |          Arithmetic |
| SRL16E     |   70 |                 CLB |
| RAMD64E    |   64 |                 CLB |
| FDPE       |   33 |            Register |
| OBUF       |   32 |                 I/O |
| IBUFCTRL   |   30 |              Others |
| INBUF      |   29 |                 I/O |
| LUT1       |   28 |                 CLB |
| RAMB36E2   |   15 |           Block Ram |
| RAMB18E2   |    6 |           Block Ram |
| OBUFT      |    6 |                 I/O |
| BUFGCE     |    4 |               Clock |
| MMCME3_ADV |    1 |               Clock |
| DIFFINBUF  |    1 |                 I/O |
+------------+------+---------------------+


10. Black Boxes
---------------

+----------+------+
| Ref Name | Used |
+----------+------+


11. Instantiated Netlists
-------------------------

+----------+------+
| Ref Name | Used |
+----------+------+
| pll_main |    1 |
+----------+------+


