Vivado Simulator 2018.3
Copyright 1986-1999, 2001-2018 Xilinx, Inc. All Rights Reserved.
Running: E:/program_files/Vivado/2018.3/bin/unwrapped/win64.o/xelab.exe -wto 6e6403b5c4d74f77919f811bfbf5ea01 --incr --debug typical --relax --mt 2 -L xil_defaultlib -L unisims_ver -L unimacro_ver -L secureip -L xpm --snapshot tb_behav xil_defaultlib.tb xil_defaultlib.glbl -log elaborate.log 
Using 2 slave threads.
Starting static elaboration
WARNING: [VRFC 10-3091] actual bit length 10 differs from formal bit length 16 for port 'aa_data' [C:/Users/FasleJadid/Desktop/final-project/project_final/project_final.srcs/sources_1/imports/source/lenet.sv:54]
WARNING: [VRFC 10-3091] actual bit length 10 differs from formal bit length 16 for port 'aa_weight' [C:/Users/FasleJadid/Desktop/final-project/project_final/project_final.srcs/sources_1/imports/source/lenet.sv:55]
WARNING: [VRFC 10-3091] actual bit length 10 differs from formal bit length 16 for port 'aa_data' [C:/Users/FasleJadid/Desktop/final-project/project_final/project_final.srcs/sources_1/imports/source/lenet.sv:137]
WARNING: [VRFC 10-3091] actual bit length 96 differs from formal bit length 72 for port 'data_i' [C:/Users/FasleJadid/Desktop/final-project/project_final/project_final.srcs/sources_1/imports/source/lenet.sv:171]
WARNING: [VRFC 10-3091] actual bit length 8 differs from formal bit length 16 for port 'aa_data' [C:/Users/FasleJadid/Desktop/final-project/project_final/project_final.srcs/sources_1/imports/source/lenet.sv:257]
WARNING: [VRFC 10-3091] actual bit length 10 differs from formal bit length 16 for port 'aa_weight' [C:/Users/FasleJadid/Desktop/final-project/project_final/project_final.srcs/sources_1/imports/source/lenet.sv:258]
WARNING: [VRFC 10-3091] actual bit length 96 differs from formal bit length 72 for port 'data_i' [C:/Users/FasleJadid/Desktop/final-project/project_final/project_final.srcs/sources_1/imports/source/lenet.sv:292]
WARNING: [VRFC 10-3091] actual bit length 7 differs from formal bit length 16 for port 'aa_data' [C:/Users/FasleJadid/Desktop/final-project/project_final/project_final.srcs/sources_1/imports/source/lenet.sv:341]
WARNING: [VRFC 10-3091] actual bit length 256 differs from formal bit length 192 for port 'data_i' [C:/Users/FasleJadid/Desktop/final-project/project_final/project_final.srcs/sources_1/imports/source/lenet.sv:375]
WARNING: [VRFC 10-3091] actual bit length 5 differs from formal bit length 16 for port 'aa_data' [C:/Users/FasleJadid/Desktop/final-project/project_final/project_final.srcs/sources_1/imports/source/lenet.sv:465]
WARNING: [VRFC 10-3091] actual bit length 12 differs from formal bit length 16 for port 'aa_weight' [C:/Users/FasleJadid/Desktop/final-project/project_final/project_final.srcs/sources_1/imports/source/lenet.sv:466]
WARNING: [VRFC 10-3091] actual bit length 256 differs from formal bit length 192 for port 'data_i' [C:/Users/FasleJadid/Desktop/final-project/project_final/project_final.srcs/sources_1/imports/source/lenet.sv:499]
WARNING: [VRFC 10-3091] actual bit length 7 differs from formal bit length 16 for port 'aa_data' [C:/Users/FasleJadid/Desktop/final-project/project_final/project_final.srcs/sources_1/imports/source/lenet.sv:586]
WARNING: [VRFC 10-3091] actual bit length 14 differs from formal bit length 16 for port 'aa_weight' [C:/Users/FasleJadid/Desktop/final-project/project_final/project_final.srcs/sources_1/imports/source/lenet.sv:587]
WARNING: [VRFC 10-3091] actual bit length 16 differs from formal bit length 12 for port 'data_i' [C:/Users/FasleJadid/Desktop/final-project/project_final/project_final.srcs/sources_1/imports/source/lenet.sv:620]
WARNING: [VRFC 10-3091] actual bit length 7 differs from formal bit length 16 for port 'aa_data' [C:/Users/FasleJadid/Desktop/final-project/project_final/project_final.srcs/sources_1/imports/source/lenet.sv:707]
WARNING: [VRFC 10-3091] actual bit length 10 differs from formal bit length 16 for port 'aa_weight' [C:/Users/FasleJadid/Desktop/final-project/project_final/project_final.srcs/sources_1/imports/source/lenet.sv:708]
WARNING: [VRFC 10-3091] actual bit length 16 differs from formal bit length 12 for port 'data_i' [C:/Users/FasleJadid/Desktop/final-project/project_final/project_final.srcs/sources_1/imports/source/lenet.sv:741]
WARNING: [VRFC 10-526] concatenation with unsized literal; will interpret as 32 bits [C:/Users/FasleJadid/Desktop/final-project/project_final/project_final.srcs/sources_1/imports/source/lenet_tb.sv:114]
WARNING: [VRFC 10-526] concatenation with unsized literal; will interpret as 32 bits [C:/Users/FasleJadid/Desktop/final-project/project_final/project_final.srcs/sources_1/imports/source/lenet_tb.sv:115]
WARNING: [VRFC 10-526] concatenation with unsized literal; will interpret as 32 bits [C:/Users/FasleJadid/Desktop/final-project/project_final/project_final.srcs/sources_1/imports/source/lenet_tb.sv:116]
WARNING: [VRFC 10-526] concatenation with unsized literal; will interpret as 32 bits [C:/Users/FasleJadid/Desktop/final-project/project_final/project_final.srcs/sources_1/imports/source/lenet_tb.sv:117]
WARNING: [VRFC 10-526] concatenation with unsized literal; will interpret as 32 bits [C:/Users/FasleJadid/Desktop/final-project/project_final/project_final.srcs/sources_1/imports/source/lenet_tb.sv:118]
WARNING: [VRFC 10-526] concatenation with unsized literal; will interpret as 32 bits [C:/Users/FasleJadid/Desktop/final-project/project_final/project_final.srcs/sources_1/imports/source/lenet_tb.sv:119]
WARNING: [VRFC 10-526] concatenation with unsized literal; will interpret as 32 bits [C:/Users/FasleJadid/Desktop/final-project/project_final/project_final.srcs/sources_1/imports/source/lenet_tb.sv:120]
WARNING: [VRFC 10-526] concatenation with unsized literal; will interpret as 32 bits [C:/Users/FasleJadid/Desktop/final-project/project_final/project_final.srcs/sources_1/imports/source/lenet_tb.sv:121]
WARNING: [VRFC 10-526] concatenation with unsized literal; will interpret as 32 bits [C:/Users/FasleJadid/Desktop/final-project/project_final/project_final.srcs/sources_1/imports/source/lenet_tb.sv:122]
WARNING: [VRFC 10-526] concatenation with unsized literal; will interpret as 32 bits [C:/Users/FasleJadid/Desktop/final-project/project_final/project_final.srcs/sources_1/imports/source/lenet_tb.sv:123]
WARNING: [VRFC 10-526] concatenation with unsized literal; will interpret as 32 bits [C:/Users/FasleJadid/Desktop/final-project/project_final/project_final.srcs/sources_1/imports/source/lenet_tb.sv:124]
WARNING: [VRFC 10-526] concatenation with unsized literal; will interpret as 32 bits [C:/Users/FasleJadid/Desktop/final-project/project_final/project_final.srcs/sources_1/imports/source/lenet_tb.sv:125]
WARNING: [VRFC 10-526] concatenation with unsized literal; will interpret as 32 bits [C:/Users/FasleJadid/Desktop/final-project/project_final/project_final.srcs/sources_1/imports/source/lenet_tb.sv:126]
WARNING: [VRFC 10-526] concatenation with unsized literal; will interpret as 32 bits [C:/Users/FasleJadid/Desktop/final-project/project_final/project_final.srcs/sources_1/imports/source/lenet_tb.sv:127]
WARNING: [VRFC 10-526] concatenation with unsized literal; will interpret as 32 bits [C:/Users/FasleJadid/Desktop/final-project/project_final/project_final.srcs/sources_1/imports/source/lenet_tb.sv:128]
WARNING: [VRFC 10-526] concatenation with unsized literal; will interpret as 32 bits [C:/Users/FasleJadid/Desktop/final-project/project_final/project_final.srcs/sources_1/imports/source/lenet_tb.sv:129]
WARNING: [VRFC 10-526] concatenation with unsized literal; will interpret as 32 bits [C:/Users/FasleJadid/Desktop/final-project/project_final/project_final.srcs/sources_1/imports/source/lenet_tb.sv:130]
WARNING: [VRFC 10-526] concatenation with unsized literal; will interpret as 32 bits [C:/Users/FasleJadid/Desktop/final-project/project_final/project_final.srcs/sources_1/imports/source/lenet_tb.sv:131]
WARNING: [VRFC 10-526] concatenation with unsized literal; will interpret as 32 bits [C:/Users/FasleJadid/Desktop/final-project/project_final/project_final.srcs/sources_1/imports/source/lenet_tb.sv:132]
WARNING: [VRFC 10-526] concatenation with unsized literal; will interpret as 32 bits [C:/Users/FasleJadid/Desktop/final-project/project_final/project_final.srcs/sources_1/imports/source/lenet_tb.sv:133]
WARNING: [VRFC 10-526] concatenation with unsized literal; will interpret as 32 bits [C:/Users/FasleJadid/Desktop/final-project/project_final/project_final.srcs/sources_1/imports/source/lenet_tb.sv:134]
WARNING: [VRFC 10-526] concatenation with unsized literal; will interpret as 32 bits [C:/Users/FasleJadid/Desktop/final-project/project_final/project_final.srcs/sources_1/imports/source/lenet_tb.sv:135]
WARNING: [VRFC 10-526] concatenation with unsized literal; will interpret as 32 bits [C:/Users/FasleJadid/Desktop/final-project/project_final/project_final.srcs/sources_1/imports/source/lenet_tb.sv:136]
WARNING: [VRFC 10-526] concatenation with unsized literal; will interpret as 32 bits [C:/Users/FasleJadid/Desktop/final-project/project_final/project_final.srcs/sources_1/imports/source/lenet_tb.sv:137]
WARNING: [VRFC 10-526] concatenation with unsized literal; will interpret as 32 bits [C:/Users/FasleJadid/Desktop/final-project/project_final/project_final.srcs/sources_1/imports/source/lenet_tb.sv:138]
WARNING: [VRFC 10-526] concatenation with unsized literal; will interpret as 32 bits [C:/Users/FasleJadid/Desktop/final-project/project_final/project_final.srcs/sources_1/imports/source/lenet_tb.sv:139]
WARNING: [VRFC 10-526] concatenation with unsized literal; will interpret as 32 bits [C:/Users/FasleJadid/Desktop/final-project/project_final/project_final.srcs/sources_1/imports/source/lenet_tb.sv:140]
WARNING: [VRFC 10-526] concatenation with unsized literal; will interpret as 32 bits [C:/Users/FasleJadid/Desktop/final-project/project_final/project_final.srcs/sources_1/imports/source/lenet_tb.sv:141]
WARNING: [VRFC 10-526] concatenation with unsized literal; will interpret as 32 bits [C:/Users/FasleJadid/Desktop/final-project/project_final/project_final.srcs/sources_1/imports/source/lenet_tb.sv:142]
WARNING: [VRFC 10-526] concatenation with unsized literal; will interpret as 32 bits [C:/Users/FasleJadid/Desktop/final-project/project_final/project_final.srcs/sources_1/imports/source/lenet_tb.sv:143]
WARNING: [VRFC 10-526] concatenation with unsized literal; will interpret as 32 bits [C:/Users/FasleJadid/Desktop/final-project/project_final/project_final.srcs/sources_1/imports/source/lenet_tb.sv:144]
WARNING: [VRFC 10-526] concatenation with unsized literal; will interpret as 32 bits [C:/Users/FasleJadid/Desktop/final-project/project_final/project_final.srcs/sources_1/imports/source/lenet_tb.sv:145]
Completed static elaboration
INFO: [XSIM 43-4323] No Change in HDL. Linking previously generated obj files to create kernel
